<?xml version="1.0" encoding="UTF-8"?>
<testsuites name="soa-validate core" tests="163" failures="0" errors="0" skipped="69" time="13.420856">
  <testsuite name="soa-validate core" tests="163" failures="0" errors="0" skipped="69" time="13.420856">
    <testcase classname="SV.ENC" name="SV-ENC-01" time="0.834086">
      <properties>
        <property name="evidence.vector" value="pass"></property>
        <property name="evidence.vector.message" value="§1 UTF-8 no BOM: 135 spec text files scanned, zero BOM"></property>
      </properties>
      <system-out>vector=pass (§1 UTF-8 no BOM: 135 spec text files scanned, zero BOM)</system-out>
    </testcase>
    <testcase classname="SV.ENC" name="SV-ENC-02" time="0.001547">
      <properties>
        <property name="evidence.live" value="pass"></property>
        <property name="evidence.live.message" value="§1 RFC 3339: /version generated_at=2026-04-23T17:14:57.208Z (explicit TZ, ≥ms precision)"></property>
      </properties>
      <system-out>live=pass (§1 RFC 3339: /version generated_at=2026-04-23T17:14:57.208Z (explicit TZ, ≥ms precision))</system-out>
    </testcase>
    <testcase classname="SV.ENC" name="SV-ENC-03" time="0.005670">
      <properties>
        <property name="evidence.vector" value="pass"></property>
        <property name="evidence.vector.message" value="§1 ISO-8601 durations: 5 tokens across spec (unique: 2, e.g. [P30D PT5M])"></property>
      </properties>
      <system-out>vector=pass (§1 ISO-8601 durations: 5 tokens across spec (unique: 2, e.g. [P30D PT5M]))</system-out>
    </testcase>
    <testcase classname="SV.ENC" name="SV-ENC-04" time="1.116354">
      <properties>
        <property name="evidence.vector" value="pass"></property>
        <property name="evidence.vector.message" value="§1 LF line separators: 75 git-tracked .json files at HEAD, zero CRLF in canonical bytes"></property>
      </properties>
      <system-out>vector=pass (§1 LF line separators: 75 git-tracked .json files at HEAD, zero CRLF in canonical bytes)</system-out>
    </testcase>
    <testcase classname="SV.ENC" name="SV-ENC-05" time="0.000505">
      <properties>
        <property name="evidence.vector" value="pass"></property>
        <property name="evidence.vector.message" value="§1 JCS (RFC 8785): 47 cases round-tripped byte-identically across {floats=15, integers=9, nested=11, strings=12}"></property>
      </properties>
      <system-out>vector=pass (§1 JCS (RFC 8785): 47 cases round-tripped byte-identically across {floats=15, integers=9, nested=11, strings=12})</system-out>
    </testcase>
    <testcase classname="SV.ENC" name="SV-ENC-06" time="0.019929">
      <properties>
        <property name="evidence.vector" value="pass"></property>
        <property name="evidence.vector.message" value="§1 JWT clock-skew ±30s: 4 fixtures verified against handler-keypair + computed verdict matches spec — accept/iat-past-skew/iat-future-skew/exp-expired"></property>
      </properties>
      <system-out>vector=pass (§1 JWT clock-skew ±30s: 4 fixtures verified against handler-keypair + computed verdict matches spec — accept/iat-past-skew/iat-future-skew/exp-expired)</system-out>
    </testcase>
    <testcase classname="SV.ENC" name="SV-ENC-07" time="0.000000">
      <properties>
        <property name="evidence.vector" value="pass"></property>
        <property name="evidence.vector.message" value="§1 PDA window: not_after - not_before = 4m25s ≤ 15min ceiling"></property>
      </properties>
      <system-out>vector=pass (§1 PDA window: not_after - not_before = 4m25s ≤ 15min ceiling)</system-out>
    </testcase>
    <testcase classname="SV.GOV" name="SV-GOV-07" time="0.000000">
      <properties>
        <property name="evidence.vector" value="pass"></property>
        <property name="evidence.vector.message" value="§2 normative refs: 11 entries, all pinned (RFC#, version tag, or digest marker present)"></property>
      </properties>
      <system-out>vector=pass (§2 normative refs: 11 entries, all pinned (RFC#, version tag, or digest marker present))</system-out>
    </testcase>
    <testcase classname="SV.GOV" name="SV-GOV-11" time="0.001050">
      <properties>
        <property name="evidence.live" value="pass"></property>
        <property name="evidence.live.message" value="§19.1.1 release-gate: gate_version=1.0, 5/5 checks passed, signed_manifest_eligible=true"></property>
      </properties>
      <system-out>live=pass (§19.1.1 release-gate: gate_version=1.0, 5/5 checks passed, signed_manifest_eligible=true)</system-out>
    </testcase>
    <testcase classname="SV.PRIN" name="SV-PRIN-01" time="0.000000">
      <properties>
        <property name="evidence.vector" value="pass"></property>
        <property name="evidence.vector.message" value="§4 single-agent baseline: conformance card advertises single-agent (no multi-agent declarations, no waiver needed)"></property>
      </properties>
      <system-out>vector=pass (§4 single-agent baseline: conformance card advertises single-agent (no multi-agent declarations, no waiver needed))</system-out>
    </testcase>
    <testcase classname="SV.PRIN" name="SV-PRIN-02" time="0.000596">
      <properties>
        <property name="evidence.vector" value="pass"></property>
        <property name="evidence.vector.message" value="§16 Cross-Interaction Matrix covers 6 failure-path markers: [A2A handoff during self-improvement BudgetExhausted Compaction during streaming Agent Card changes mid-session OTel exporter failure HandoffBusy]"></property>
      </properties>
      <system-out>vector=pass (§16 Cross-Interaction Matrix covers 6 failure-path markers: [A2A handoff during self-improvement BudgetExhausted Compaction during streaming Agent Card changes mid-session OTel exporter failure HandoffBusy])</system-out>
    </testcase>
    <testcase classname="SV.PRIN" name="SV-PRIN-03" time="0.001533">
      <properties>
        <property name="evidence.vector" value="pass"></property>
        <property name="evidence.vector.message" value="§4 primitive coverage: all 13 core primitives (P1..P10, P12..P14) have ≥1 SV-* test in the must-map"></property>
      </properties>
      <system-out>vector=pass (§4 primitive coverage: all 13 core primitives (P1..P10, P12..P14) have ≥1 SV-* test in the must-map)</system-out>
    </testcase>
    <testcase classname="SV.PRIN" name="SV-PRIN-04" time="0.000000">
      <properties>
        <property name="evidence.vector" value="pass"></property>
        <property name="evidence.vector.message" value="§4 file-system-grounded: spec declares file-system as authoritative + DB-as-secondary-only rule"></property>
      </properties>
      <system-out>vector=pass (§4 file-system-grounded: spec declares file-system as authoritative + DB-as-secondary-only rule)</system-out>
    </testcase>
    <testcase classname="SV.PRIN" name="SV-PRIN-05" time="0.000506">
      <properties>
        <property name="evidence.vector" value="pass"></property>
        <property name="evidence.vector.message" value="§4/§16 composition coverage: spec defines 2 key compositions (SI×handoff, compaction×streaming)"></property>
      </properties>
      <system-out>vector=pass (§4/§16 composition coverage: spec defines 2 key compositions (SI×handoff, compaction×streaming))</system-out>
    </testcase>
    <testcase classname="SV.STACK" name="SV-STACK-01" time="0.000591">
      <properties>
        <property name="evidence.vector" value="pass"></property>
        <property name="evidence.vector.message" value="§5.1 stack completeness (vector): card declares all 7 required blocks (self_improvement, memory, permissions, compaction, tokenBudget, observability, security)"></property>
        <property name="evidence.live" value="pass"></property>
        <property name="evidence.live.message" value="§5.1 stack completeness (live): card declares all 7 required blocks (self_improvement, memory, permissions, compaction, tokenBudget, observability, security)"></property>
      </properties>
      <system-out>vector=pass (§5.1 stack completeness (vector): card declares all 7 required blocks (self_improvement, memory, permissions, compaction, tokenBudget, observability, security))&#xA;live=pass (§5.1 stack completeness (live): card declares all 7 required blocks (self_improvement, memory, permissions, compaction, tokenBudget, observability, security))</system-out>
    </testcase>
    <testcase classname="SV.STACK" name="SV-STACK-02" time="0.004558">
      <properties>
        <property name="evidence.live" value="pass"></property>
        <property name="evidence.live.message" value="§5.2 primitive endpoints: 4/4 advertised + reachable [/.well-known/agent-card.json=200 /events/recent?session_id=ses_runnerBootLifetime&amp;limit=1=200 /budget/projection?session_id=ses_runnerBootLifetime=200 /health=200]"></property>
      </properties>
      <system-out>live=pass (§5.2 primitive endpoints: 4/4 advertised + reachable [/.well-known/agent-card.json=200 /events/recent?session_id=ses_runnerBootLifetime&amp;limit=1=200 /budget/projection?session_id=ses_runnerBootLifetime=200 /health=200])</system-out>
    </testcase>
    <testcase classname="SV.BOOT" name="SV-BOOT-01" time="0.001448">
      <properties>
        <property name="evidence.vector" value="skip"></property>
        <property name="evidence.vector.message" value="live-only test per plan"></property>
        <property name="evidence.live" value="pass"></property>
        <property name="evidence.live.message" value="/health + /ready respond (positive arm). V-12 negative arms (expired / channel-mismatch / mismatched-publisher-kid → HostHardeningInsufficient) skipped: SOA_IMPL_BIN unset. Set SOA_IMPL_BIN=&#39;node /abs/path/to/start-runner.js&#39; to fire them."></property>
      </properties>
      <system-out>vector=skip (live-only test per plan)&#xA;live=pass (/health + /ready respond (positive arm). V-12 negative arms (expired / channel-mismatch / mismatched-publisher-kid → HostHardeningInsufficient) skipped: SOA_IMPL_BIN unset. Set SOA_IMPL_BIN=&#39;node /abs/path/to/start-runner.js&#39; to fire them.)</system-out>
    </testcase>
    <testcase classname="SV.BOOT" name="SV-BOOT-02" time="0.000000">
      <properties>
        <property name="evidence.live" value="skip"></property>
        <property name="evidence.live.message" value="SV-BOOT-02: SOA_IMPL_BIN unset; subprocess spawn required"></property>
      </properties>
      <skipped message="skipped (live)"></skipped>
      <system-out>live=skip (SV-BOOT-02: SOA_IMPL_BIN unset; subprocess spawn required)</system-out>
    </testcase>
    <testcase classname="SV.BOOT" name="SV-BOOT-03" time="0.000000">
      <properties>
        <property name="evidence.live" value="skip"></property>
        <property name="evidence.live.message" value="SV-BOOT-03: SOA_IMPL_BIN unset"></property>
      </properties>
      <skipped message="skipped (live)"></skipped>
      <system-out>live=skip (SV-BOOT-03: SOA_IMPL_BIN unset)</system-out>
    </testcase>
    <testcase classname="SV.BOOT" name="SV-BOOT-04" time="0.000000">
      <properties>
        <property name="evidence.live" value="skip"></property>
        <property name="evidence.live.message" value="SV-BOOT-04: SOA_IMPL_BIN unset"></property>
      </properties>
      <skipped message="skipped (live)"></skipped>
      <system-out>live=skip (SV-BOOT-04: SOA_IMPL_BIN unset)</system-out>
    </testcase>
    <testcase classname="SV.BOOT" name="SV-BOOT-05" time="0.000000">
      <properties>
        <property name="evidence.live" value="skip"></property>
        <property name="evidence.live.message" value="SV-BOOT-05: SOA_IMPL_BIN unset"></property>
      </properties>
      <skipped message="skipped (live)"></skipped>
      <system-out>live=skip (SV-BOOT-05: SOA_IMPL_BIN unset)</system-out>
    </testcase>
    <testcase classname="SV.BOOT" name="SV-BOOT-06" time="0.003072">
      <properties>
        <property name="evidence.vector" value="pass"></property>
        <property name="evidence.vector.message" value="§5.3 initial-trust schema: valid.json validates (publisher_kid=soa-test-release-v1.0, spki_sha256 matches 64-hex) + channel-mismatch.json rejected + 4 inline schema negatives"></property>
      </properties>
      <system-out>vector=pass (§5.3 initial-trust schema: valid.json validates (publisher_kid=soa-test-release-v1.0, spki_sha256 matches 64-hex) + channel-mismatch.json rejected + 4 inline schema negatives)</system-out>
    </testcase>
    <testcase classname="SV.PRIV" name="SV-PRIV-01" time="0.000513">
      <properties>
        <property name="evidence.live" value="pass"></property>
        <property name="evidence.live.message" value="§10.7 #1 data inventory: 4331-byte body declares §10.7 + data_class tagging + Retention category mapping"></property>
      </properties>
      <system-out>live=pass (§10.7 #1 data inventory: 4331-byte body declares §10.7 + data_class tagging + Retention category mapping)</system-out>
    </testcase>
    <testcase classname="SV.OPS" name="SV-OPS-01" time="0.000512">
      <properties>
        <property name="evidence.live" value="pass"></property>
        <property name="evidence.live.message" value="§5.4 /health: 200 {status:alive, soaHarnessVersion:1.0} in 512.3µs"></property>
      </properties>
      <system-out>live=pass (§5.4 /health: 200 {status:alive, soaHarnessVersion:1.0} in 512.3µs)</system-out>
    </testcase>
    <testcase classname="SV.OPS" name="SV-OPS-02" time="0.000000">
      <properties>
        <property name="evidence.live" value="pass"></property>
        <property name="evidence.live.message" value="§5.4 /ready: 200 {status:ready} — bootstrap resolved + tool pool consistent + CRL fresh"></property>
      </properties>
      <system-out>live=pass (§5.4 /ready: 200 {status:ready} — bootstrap resolved + tool pool consistent + CRL fresh)</system-out>
    </testcase>
    <testcase classname="SV.CARD" name="SV-CARD-01" time="0.005419">
      <properties>
        <property name="evidence.vector" value="pass"></property>
        <property name="evidence.vector.message" value="schema OK + JCS idempotent (1617 canonical bytes)"></property>
        <property name="evidence.live" value="pass"></property>
        <property name="evidence.live.message" value="live card validates"></property>
      </properties>
      <system-out>vector=pass (schema OK + JCS idempotent (1617 canonical bytes))&#xA;live=pass (live card validates)</system-out>
    </testcase>
    <testcase classname="SV.CARD" name="SV-CARD-02" time="0.000510">
      <properties>
        <property name="evidence.vector" value="skip"></property>
        <property name="evidence.vector.message" value="SV-CARD-02 is a live-path-only assertion (Content-Type on /.well-known/agent-card.json)"></property>
        <property name="evidence.live" value="pass"></property>
        <property name="evidence.live.message" value="§6.1 Content-Type=application/json; charset=utf-8"></property>
      </properties>
      <system-out>vector=skip (SV-CARD-02 is a live-path-only assertion (Content-Type on /.well-known/agent-card.json))&#xA;live=pass (§6.1 Content-Type=application/json; charset=utf-8)</system-out>
    </testcase>
    <testcase classname="SV.CARD" name="SV-CARD-03" time="0.005606">
      <properties>
        <property name="evidence.vector" value="pass"></property>
        <property name="evidence.vector.message" value="§6.1 vector JWS: alg=EdDSA typ=soa-agent-card+jws kid=soa-test-vector-v1.0 detached"></property>
        <property name="evidence.live" value="pass"></property>
        <property name="evidence.live.message" value="§6.1 live JWS verifies structurally: alg=EdDSA kid=soa-test-release-v1.0 sig=64B"></property>
      </properties>
      <system-out>vector=pass (§6.1 vector JWS: alg=EdDSA typ=soa-agent-card+jws kid=soa-test-vector-v1.0 detached)&#xA;live=pass (§6.1 live JWS verifies structurally: alg=EdDSA kid=soa-test-release-v1.0 sig=64B)</system-out>
    </testcase>
    <testcase classname="SV.CARD" name="SV-CARD-04" time="0.000000">
      <properties>
        <property name="evidence.vector" value="pass"></property>
        <property name="evidence.vector.message" value="§6.1 chain shape (vector): 1 anchor(s); JWS kid=soa-test-vector-v1.0 (full cert-chain crypto verify is future work)"></property>
        <property name="evidence.live" value="pass"></property>
        <property name="evidence.live.message" value="§6.1 chain shape (live): 2 anchor(s); JWS kid=soa-test-release-v1.0 + x5c[1] (full cert-chain crypto verify is future work)"></property>
      </properties>
      <system-out>vector=pass (§6.1 chain shape (vector): 1 anchor(s); JWS kid=soa-test-vector-v1.0 (full cert-chain crypto verify is future work))&#xA;live=pass (§6.1 chain shape (live): 2 anchor(s); JWS kid=soa-test-release-v1.0 + x5c[1] (full cert-chain crypto verify is future work))</system-out>
    </testcase>
    <testcase classname="SV.CARD" name="SV-CARD-05" time="0.005643">
      <properties>
        <property name="evidence.vector" value="pass"></property>
        <property name="evidence.vector.message" value="§6.2 vector card validates against agent-card.schema.json"></property>
        <property name="evidence.live" value="pass"></property>
        <property name="evidence.live.message" value="§6.2 live card validates against agent-card.schema.json"></property>
      </properties>
      <system-out>vector=pass (§6.2 vector card validates against agent-card.schema.json)&#xA;live=pass (§6.2 live card validates against agent-card.schema.json)</system-out>
    </testcase>
    <testcase classname="SV.CARD" name="SV-CARD-06" time="0.000509">
      <properties>
        <property name="evidence.vector" value="pass"></property>
        <property name="evidence.vector.message" value="§6.2 (vector) soaHarnessVersion=&#34;1.0&#34;"></property>
        <property name="evidence.live" value="pass"></property>
        <property name="evidence.live.message" value="§6.2 (live) soaHarnessVersion=&#34;1.0&#34;"></property>
      </properties>
      <system-out>vector=pass (§6.2 (vector) soaHarnessVersion=&#34;1.0&#34;)&#xA;live=pass (§6.2 (live) soaHarnessVersion=&#34;1.0&#34;)</system-out>
    </testcase>
    <testcase classname="SV.CARD" name="SV-CARD-07" time="0.002627">
      <properties>
        <property name="evidence.vector" value="pass"></property>
        <property name="evidence.vector.message" value="§6.2 additionalProperties:false enforced (mutated card with unknown top-level field rejected by schema)"></property>
      </properties>
      <system-out>vector=pass (§6.2 additionalProperties:false enforced (mutated card with unknown top-level field rejected by schema))</system-out>
    </testcase>
    <testcase classname="SV.CARD" name="SV-CARD-08" time="0.000000">
      <properties>
        <property name="evidence.vector" value="skip"></property>
        <property name="evidence.vector.message" value="SV-CARD-08 is a live-path-only assertion (Cache-Control header on /.well-known/agent-card.json)"></property>
        <property name="evidence.live" value="pass"></property>
        <property name="evidence.live.message" value="§6.1 Cache-Control max-age=300 ≤ 300"></property>
      </properties>
      <system-out>vector=skip (SV-CARD-08 is a live-path-only assertion (Cache-Control header on /.well-known/agent-card.json))&#xA;live=pass (§6.1 Cache-Control max-age=300 ≤ 300)</system-out>
    </testcase>
    <testcase classname="SV.CARD" name="SV-CARD-09" time="0.000000">
      <properties>
        <property name="evidence.live" value="skip"></property>
        <property name="evidence.live.message" value="SV-CARD-09: SOA_IMPL_BIN unset; subprocess spawn required (boots impl with deliberately invalid card)"></property>
      </properties>
      <skipped message="skipped (live)"></skipped>
      <system-out>live=skip (SV-CARD-09: SOA_IMPL_BIN unset; subprocess spawn required (boots impl with deliberately invalid card))</system-out>
    </testcase>
    <testcase classname="SV.CARD" name="SV-CARD-10" time="0.000000">
      <properties>
        <property name="evidence.live" value="skip"></property>
        <property name="evidence.live.message" value="SV-CARD-10: SOA_IMPL_BIN unset; subprocess spawn required (precedence-violation card boot)"></property>
      </properties>
      <skipped message="skipped (live)"></skipped>
      <system-out>live=skip (SV-CARD-10: SOA_IMPL_BIN unset; subprocess spawn required (precedence-violation card boot))</system-out>
    </testcase>
    <testcase classname="SV.CARD" name="SV-CARD-11" time="0.001027">
      <properties>
        <property name="evidence.vector" value="skip"></property>
        <property name="evidence.vector.message" value="SV-CARD-11 is a live-path-only assertion (ETag/304 caching)"></property>
        <property name="evidence.live" value="pass"></property>
        <property name="evidence.live.message" value="§6.1 ETag=&#34;0043a2b0cd781cc409daafbc1c8b7d3f8bad7034abe06bec6e62e5f7a2fe6a2a&#34;; If-None-Match replay → 304 Not Modified"></property>
      </properties>
      <system-out>vector=skip (SV-CARD-11 is a live-path-only assertion (ETag/304 caching))&#xA;live=pass (§6.1 ETag=&#34;0043a2b0cd781cc409daafbc1c8b7d3f8bad7034abe06bec6e62e5f7a2fe6a2a&#34;; If-None-Match replay → 304 Not Modified)</system-out>
    </testcase>
    <testcase classname="SV.SIGN" name="SV-SIGN-01" time="0.000513">
      <properties>
        <property name="evidence.vector" value="pass"></property>
        <property name="evidence.vector.message" value="header OK (alg=EdDSA, kid=soa-test-vector-v1.0), detached, canonical card=1617 bytes; signature is pinned placeholder (crypto verify deferred)"></property>
        <property name="evidence.live" value="pass"></property>
        <property name="evidence.live.message" value="live jws structural check OK"></property>
      </properties>
      <system-out>vector=pass (header OK (alg=EdDSA, kid=soa-test-vector-v1.0), detached, canonical card=1617 bytes; signature is pinned placeholder (crypto verify deferred))&#xA;live=pass (live jws structural check OK)</system-out>
    </testcase>
    <testcase classname="SV.SIGN" name="SV-SIGN-02" time="0.005095">
      <properties>
        <property name="evidence.vector" value="pass"></property>
        <property name="evidence.vector.message" value="§9.2 program.md JWS: alg=EdDSA typ=soa-program+jws kid=soa-conformance-test-handler-v1.0 detached; Ed25519 signature verifies against handler-keypair (794-byte program + 1168-byte signing input)"></property>
      </properties>
      <system-out>vector=pass (§9.2 program.md JWS: alg=EdDSA typ=soa-program+jws kid=soa-conformance-test-handler-v1.0 detached; Ed25519 signature verifies against handler-keypair (794-byte program + 1168-byte signing input))</system-out>
    </testcase>
    <testcase classname="SV.SIGN" name="SV-SIGN-03" time="0.004604">
      <properties>
        <property name="evidence.vector" value="pass"></property>
        <property name="evidence.vector.message" value="§6.1.1 + §9.7.1 MANIFEST JWS: alg=EdDSA typ=soa-manifest+jws kid=soa-release-v1.0 detached sig=64B"></property>
      </properties>
      <system-out>vector=pass (§6.1.1 + §9.7.1 MANIFEST JWS: alg=EdDSA typ=soa-manifest+jws kid=soa-release-v1.0 detached sig=64B)</system-out>
    </testcase>
    <testcase classname="SV.SIGN" name="SV-SIGN-04" time="0.000000">
      <properties>
        <property name="evidence.vector" value="skip"></property>
        <property name="evidence.vector.message" value="vector pinned JWS lacks x5c — pre-1.0 fixture predates §6.1.1 x5c requirement (live path is authoritative)"></property>
        <property name="evidence.live" value="pass"></property>
        <property name="evidence.live.message" value="§6.1.1 x5c (live): 1 cert(s) leaf-first, all base64-decode to ≥100B blobs"></property>
      </properties>
      <system-out>vector=skip (vector pinned JWS lacks x5c — pre-1.0 fixture predates §6.1.1 x5c requirement (live path is authoritative))&#xA;live=pass (§6.1.1 x5c (live): 1 cert(s) leaf-first, all base64-decode to ≥100B blobs)</system-out>
    </testcase>
    <testcase classname="SV.SIGN" name="SV-SIGN-05" time="0.004650">
      <properties>
        <property name="evidence.vector" value="pass"></property>
        <property name="evidence.vector.message" value="§6.1.1 two-step signer: x5t#S256=749f3fd468e5a7e7… (32B) → anchor publisher_kid=soa-conformance-test-handler-v1.0 → header.kid match → Ed25519 signature verified over program.md"></property>
      </properties>
      <system-out>vector=pass (§6.1.1 two-step signer: x5t#S256=749f3fd468e5a7e7… (32B) → anchor publisher_kid=soa-conformance-test-handler-v1.0 → header.kid match → Ed25519 signature verified over program.md)</system-out>
    </testcase>
    <testcase classname="SV.AGENTS" name="SV-AGENTS-01" time="0.000000">
      <properties>
        <property name="evidence.live" value="skip"></property>
        <property name="evidence.live.message" value="SV-AGENTS-01: SOA_IMPL_BIN unset; subprocess spawn required"></property>
      </properties>
      <skipped message="skipped (live)"></skipped>
      <system-out>live=skip (SV-AGENTS-01: SOA_IMPL_BIN unset; subprocess spawn required)</system-out>
    </testcase>
    <testcase classname="SV.AGENTS" name="SV-AGENTS-02" time="0.000000">
      <properties>
        <property name="evidence.live" value="skip"></property>
        <property name="evidence.live.message" value="SV-AGENTS-02: SOA_IMPL_BIN unset; subprocess spawn required"></property>
      </properties>
      <skipped message="skipped (live)"></skipped>
      <system-out>live=skip (SV-AGENTS-02: SOA_IMPL_BIN unset; subprocess spawn required)</system-out>
    </testcase>
    <testcase classname="SV.AGENTS" name="SV-AGENTS-03" time="0.000000">
      <properties>
        <property name="evidence.live" value="skip"></property>
        <property name="evidence.live.message" value="SV-AGENTS-03: SOA_IMPL_BIN unset; subprocess spawn required"></property>
      </properties>
      <skipped message="skipped (live)"></skipped>
      <system-out>live=skip (SV-AGENTS-03: SOA_IMPL_BIN unset; subprocess spawn required)</system-out>
    </testcase>
    <testcase classname="SV.AGENTS" name="SV-AGENTS-04" time="0.000000">
      <properties>
        <property name="evidence.live" value="skip"></property>
        <property name="evidence.live.message" value="SV-AGENTS-04: SOA_IMPL_BIN unset; subprocess spawn required"></property>
      </properties>
      <skipped message="skipped (live)"></skipped>
      <system-out>live=skip (SV-AGENTS-04: SOA_IMPL_BIN unset; subprocess spawn required)</system-out>
    </testcase>
    <testcase classname="SV.AGENTS" name="SV-AGENTS-05" time="0.000000">
      <properties>
        <property name="evidence.live" value="skip"></property>
        <property name="evidence.live.message" value="SV-AGENTS-05: SOA_IMPL_BIN unset; subprocess spawn required"></property>
      </properties>
      <skipped message="skipped (live)"></skipped>
      <system-out>live=skip (SV-AGENTS-05: SOA_IMPL_BIN unset; subprocess spawn required)</system-out>
    </testcase>
    <testcase classname="SV.AGENTS" name="SV-AGENTS-07" time="0.000000">
      <properties>
        <property name="evidence.live" value="skip"></property>
        <property name="evidence.live.message" value="SV-AGENTS-07: SOA_IMPL_BIN unset"></property>
      </properties>
      <skipped message="skipped (live)"></skipped>
      <system-out>live=skip (SV-AGENTS-07: SOA_IMPL_BIN unset)</system-out>
    </testcase>
    <testcase classname="SV.AGENTS" name="SV-AGENTS-08" time="0.000000">
      <properties>
        <property name="evidence.live" value="skip"></property>
        <property name="evidence.live.message" value="SV-AGENTS-08: SOA_IMPL_BIN unset; subprocess spawn required"></property>
      </properties>
      <skipped message="skipped (live)"></skipped>
      <system-out>live=skip (SV-AGENTS-08: SOA_IMPL_BIN unset; subprocess spawn required)</system-out>
    </testcase>
    <testcase classname="SV.REG" name="SV-REG-01" time="1.434994">
      <properties>
        <property name="evidence.vector" value="skip"></property>
        <property name="evidence.vector.message" value="live-only — §11 /tools/registered metadata assertion"></property>
        <property name="evidence.live" value="pass"></property>
        <property name="evidence.live.message" value="SV-REG-01: §11 /tools/registered metadata-only: every tool entry carries only spec-listed fields (observed 8 tools)"></property>
      </properties>
      <system-out>vector=skip (live-only — §11 /tools/registered metadata assertion)&#xA;live=pass (SV-REG-01: §11 /tools/registered metadata-only: every tool entry carries only spec-listed fields (observed 8 tools))</system-out>
    </testcase>
    <testcase classname="SV.REG" name="SV-REG-02" time="0.001287">
      <properties>
        <property name="evidence.vector" value="skip"></property>
        <property name="evidence.vector.message" value="live-only — §11 /tools/registered metadata assertion"></property>
        <property name="evidence.live" value="pass"></property>
        <property name="evidence.live.message" value="SV-REG-02: §11 MCP name pattern: all registered tools follow category__tool or mcp__category__tool shape (observed 8 tools)"></property>
      </properties>
      <system-out>vector=skip (live-only — §11 /tools/registered metadata assertion)&#xA;live=pass (SV-REG-02: §11 MCP name pattern: all registered tools follow category__tool or mcp__category__tool shape (observed 8 tools))</system-out>
    </testcase>
    <testcase classname="SV.REG" name="SV-REG-03" time="0.000000">
      <properties>
        <property name="evidence.vector" value="skip"></property>
        <property name="evidence.vector.message" value="live-only — §11.3 subprocess with SOA_RUNNER_DYNAMIC_TOOL_REGISTRATION hook"></property>
        <property name="evidence.live" value="skip"></property>
        <property name="evidence.live.message" value="SV-REG-03: SOA_IMPL_BIN unset; cannot spawn subprocess with §11.3.1 dynamic-reg hook"></property>
      </properties>
      <skipped message="skipped (vector,live)"></skipped>
      <system-out>vector=skip (live-only — §11.3 subprocess with SOA_RUNNER_DYNAMIC_TOOL_REGISTRATION hook)&#xA;live=skip (SV-REG-03: SOA_IMPL_BIN unset; cannot spawn subprocess with §11.3.1 dynamic-reg hook)</system-out>
    </testcase>
    <testcase classname="SV.REG" name="SV-REG-04" time="0.000000">
      <properties>
        <property name="evidence.vector" value="skip"></property>
        <property name="evidence.vector.message" value="live-only — §11.2 AGENTS.md deny-list via SOA_RUNNER_AGENTS_MD_PATH + pinned fixture"></property>
        <property name="evidence.live" value="skip"></property>
        <property name="evidence.live.message" value="SV-REG-04: SOA_IMPL_BIN unset; cannot spawn subprocess with §11.2.1 AGENTS.md hook"></property>
      </properties>
      <skipped message="skipped (vector,live)"></skipped>
      <system-out>vector=skip (live-only — §11.2 AGENTS.md deny-list via SOA_RUNNER_AGENTS_MD_PATH + pinned fixture)&#xA;live=skip (SV-REG-04: SOA_IMPL_BIN unset; cannot spawn subprocess with §11.2.1 AGENTS.md hook)</system-out>
    </testcase>
    <testcase classname="SV.REG" name="SV-REG-05" time="0.001130">
      <properties>
        <property name="evidence.vector" value="skip"></property>
        <property name="evidence.vector.message" value="live-only — §11 /tools/registered metadata assertion"></property>
        <property name="evidence.live" value="pass"></property>
        <property name="evidence.live.message" value="SV-REG-05: §11 list_tools field shape: every tool carries {name, risk_class, default_control, registered_at, registration_source} (observed 8 tools)"></property>
      </properties>
      <system-out>vector=skip (live-only — §11 /tools/registered metadata assertion)&#xA;live=pass (SV-REG-05: §11 list_tools field shape: every tool carries {name, risk_class, default_control, registered_at, registration_source} (observed 8 tools))</system-out>
    </testcase>
    <testcase classname="SV.GOV" name="SV-GOV-01" time="0.000000">
      <properties>
        <property name="evidence.live" value="pass"></property>
        <property name="evidence.live.message" value="§6.2 /version: soaHarnessVersion=&#34;1.0&#34; supported=[1.0] runner_version=&#34;1.0&#34; generated_at=2026-04-23T17:14:59.838Z"></property>
      </properties>
      <system-out>live=pass (§6.2 /version: soaHarnessVersion=&#34;1.0&#34; supported=[1.0] runner_version=&#34;1.0&#34; generated_at=2026-04-23T17:14:59.838Z)</system-out>
    </testcase>
    <testcase classname="SV.GOV" name="SV-GOV-02" time="0.000513">
      <properties>
        <property name="evidence.live" value="pass"></property>
        <property name="evidence.live.message" value="§19.3 stability tiers: 5791-byte body declares §19.3 + Stable + soaHarnessVersion field"></property>
      </properties>
      <system-out>live=pass (§19.3 stability tiers: 5791-byte body declares §19.3 + Stable + soaHarnessVersion field)</system-out>
    </testcase>
    <testcase classname="SV.GOV" name="SV-GOV-03" time="0.000000">
      <properties>
        <property name="evidence.live" value="pass"></property>
        <property name="evidence.live.message" value="§19.4 migration guide: 1535-byte body references §19.4 + migration template"></property>
      </properties>
      <system-out>live=pass (§19.4 migration guide: 1535-byte body references §19.4 + migration template)</system-out>
    </testcase>
    <testcase classname="SV.GOV" name="SV-GOV-04" time="0.000000">
      <properties>
        <property name="evidence.live" value="pass"></property>
        <property name="evidence.live.message" value="§19.5 deprecation lifetime: 5791-byte stability-tiers body declares deprecation policy ≥2-minor"></property>
      </properties>
      <system-out>live=pass (§19.5 deprecation lifetime: 5791-byte stability-tiers body declares deprecation policy ≥2-minor)</system-out>
    </testcase>
    <testcase classname="SV.GOV" name="SV-GOV-05" time="0.000520">
      <properties>
        <property name="evidence.live" value="pass"></property>
        <property name="evidence.live.message" value="§19.2 /errata/v1.0.json: spec_version=1.0, 4 errata entries (each with id+section)"></property>
      </properties>
      <system-out>live=pass (§19.2 /errata/v1.0.json: spec_version=1.0, 4 errata entries (each with id+section))</system-out>
    </testcase>
    <testcase classname="SV.GOV" name="SV-GOV-06" time="0.007749">
      <properties>
        <property name="evidence.vector" value="pass"></property>
        <property name="evidence.vector.message" value="§18.1 lock: spec_repo=https://github.com/wleeb1010/soa-harness-specification spec_commit_sha=45bd9df15227 manifest=d4ac163a857c…"></property>
      </properties>
      <system-out>vector=pass (§18.1 lock: spec_repo=https://github.com/wleeb1010/soa-harness-specification spec_commit_sha=45bd9df15227 manifest=d4ac163a857c…)</system-out>
    </testcase>
    <testcase classname="SV.GOV" name="SV-GOV-08" time="0.000879">
      <properties>
        <property name="evidence.live" value="pass"></property>
        <property name="evidence.live.message" value="§19.4.1 empty-intersection: 400 VersionNegotiationFailed runner=[1.0] caller=[2.5 3.0]"></property>
      </properties>
      <system-out>live=pass (§19.4.1 empty-intersection: 400 VersionNegotiationFailed runner=[1.0] caller=[2.5 3.0])</system-out>
    </testcase>
    <testcase classname="SV.GOV" name="SV-GOV-09" time="1.751946">
      <properties>
        <property name="evidence.live" value="pass"></property>
        <property name="evidence.live.message" value="§19.4.1 highest-common: caller=[0.9,1.0,2.5] runner=[1.0] → 201 session_id=ses_6d7b30794a7433e806622473 (1.0 selected as highest tuple)"></property>
      </properties>
      <system-out>live=pass (§19.4.1 highest-common: caller=[0.9,1.0,2.5] runner=[1.0] → 201 session_id=ses_6d7b30794a7433e806622473 (1.0 selected as highest tuple))</system-out>
    </testcase>
    <testcase classname="SV.MEM" name="SV-MEM-01" time="0.001511">
      <properties>
        <property name="evidence.vector" value="skip"></property>
        <property name="evidence.vector.message" value="live-only — §8.1 memory tool discoverability via subprocess impl + in-process memmock"></property>
        <property name="evidence.live" value="pass"></property>
        <property name="evidence.live.message" value="SV-MEM-01 (live-runner): §8.1 Memory MCP consumed by Runner at SOA_IMPL_URL — /memory/state.in_context_notes=1 after bootstrap (backend opaque; assertion is shape + non-emptiness)"></property>
      </properties>
      <system-out>vector=skip (live-only — §8.1 memory tool discoverability via subprocess impl + in-process memmock)&#xA;live=pass (SV-MEM-01 (live-runner): §8.1 Memory MCP consumed by Runner at SOA_IMPL_URL — /memory/state.in_context_notes=1 after bootstrap (backend opaque; assertion is shape + non-emptiness))</system-out>
    </testcase>
    <testcase classname="SV.MEM" name="SV-MEM-02" time="0.000658">
      <properties>
        <property name="evidence.vector" value="skip"></property>
        <property name="evidence.vector.message" value="live-only — §8.2 deterministic slice across two rapid loads"></property>
        <property name="evidence.live" value="pass"></property>
        <property name="evidence.live.message" value="SV-MEM-02 (live-runner): §8.2 deterministic slice — two reads against Runner returned identical note_id ordering (1 notes): [mem_p2smoke0001]"></property>
      </properties>
      <system-out>vector=skip (live-only — §8.2 deterministic slice across two rapid loads)&#xA;live=pass (SV-MEM-02 (live-runner): §8.2 deterministic slice — two reads against Runner returned identical note_id ordering (1 notes): [mem_p2smoke0001])</system-out>
    </testcase>
    <testcase classname="SV.MEM" name="SV-MEM-03" time="0.000000">
      <properties>
        <property name="evidence.vector" value="skip"></property>
        <property name="evidence.vector.message" value="live-only — §8.3 MemoryUnavailableStartup readiness gate"></property>
        <property name="evidence.live" value="skip"></property>
        <property name="evidence.live.message" value="SV-MEM-03: SOA_IMPL_BIN unset; subprocess required to spawn impl with bad mcp_endpoint"></property>
      </properties>
      <skipped message="skipped (vector,live)"></skipped>
      <system-out>vector=skip (live-only — §8.3 MemoryUnavailableStartup readiness gate)&#xA;live=skip (SV-MEM-03: SOA_IMPL_BIN unset; subprocess required to spawn impl with bad mcp_endpoint)</system-out>
    </testcase>
    <testcase classname="SV.MEM" name="SV-MEM-04" time="0.000000">
      <properties>
        <property name="evidence.vector" value="skip"></property>
        <property name="evidence.vector.message" value="live-only — §8.3 non-terminal MemoryDegraded observable via §14.5.4 System Event Log"></property>
        <property name="evidence.live" value="skip"></property>
        <property name="evidence.live.message" value="SV-MEM-04: SOA_IMPL_BIN unset; subprocess spawn required"></property>
      </properties>
      <skipped message="skipped (vector,live)"></skipped>
      <system-out>vector=skip (live-only — §8.3 non-terminal MemoryDegraded observable via §14.5.4 System Event Log)&#xA;live=skip (SV-MEM-04: SOA_IMPL_BIN unset; subprocess spawn required)</system-out>
    </testcase>
    <testcase classname="SV.MEM" name="SV-MEM-05" time="0.000000">
      <properties>
        <property name="evidence.vector" value="skip"></property>
        <property name="evidence.vector.message" value="live-only — §8.4.1 consolidation scheduler via RUNNER_CONSOLIDATION_{TICK,ELAPSED}_MS (Finding AC)"></property>
        <property name="evidence.live" value="skip"></property>
        <property name="evidence.live.message" value="SV-MEM-05: SOA_IMPL_BIN unset; subprocess required for scheduler env override"></property>
      </properties>
      <skipped message="skipped (vector,live)"></skipped>
      <system-out>vector=skip (live-only — §8.4.1 consolidation scheduler via RUNNER_CONSOLIDATION_{TICK,ELAPSED}_MS (Finding AC))&#xA;live=skip (SV-MEM-05: SOA_IMPL_BIN unset; subprocess required for scheduler env override)</system-out>
    </testcase>
    <testcase classname="SV.MEM" name="SV-MEM-06" time="0.000000">
      <properties>
        <property name="evidence.vector" value="skip"></property>
        <property name="evidence.vector.message" value="live-only — §8 sharing_policy → search_memories sharing_scope propagation (L-39 card fixture)"></property>
        <property name="evidence.live" value="skip"></property>
        <property name="evidence.live.message" value="SV-MEM-06: SOA_IMPL_BIN unset; subprocess required to swap RUNNER_CARD_FIXTURE"></property>
      </properties>
      <skipped message="skipped (vector,live)"></skipped>
      <system-out>vector=skip (live-only — §8 sharing_policy → search_memories sharing_scope propagation (L-39 card fixture))&#xA;live=skip (SV-MEM-06: SOA_IMPL_BIN unset; subprocess required to swap RUNNER_CARD_FIXTURE)</system-out>
    </testcase>
    <testcase classname="SV.MEM" name="SV-MEM-07" time="0.001061">
      <properties>
        <property name="evidence.vector" value="skip"></property>
        <property name="evidence.vector.message" value="live-only — §8.1 delete_memory_note idempotency"></property>
        <property name="evidence.live" value="pass"></property>
        <property name="evidence.live.message" value="SV-MEM-07: §8.1 delete_memory_note idempotent — repeat call on note_id returned identical tombstone_id=tmb_mock_00000001 + deleted_at=2026-04-23T17:15:01.6037971Z per L-38 mock protocol"></property>
      </properties>
      <system-out>vector=skip (live-only — §8.1 delete_memory_note idempotency)&#xA;live=pass (SV-MEM-07: §8.1 delete_memory_note idempotent — repeat call on note_id returned identical tombstone_id=tmb_mock_00000001 + deleted_at=2026-04-23T17:15:01.6037971Z per L-38 mock protocol)</system-out>
    </testcase>
    <testcase classname="SV.MEM" name="SV-MEM-08" time="1.831127">
      <properties>
        <property name="evidence.vector" value="skip"></property>
        <property name="evidence.vector.message" value="pre-budgeted skip per M3 plan: cross-tenant isolation may need real Memory MCP beyond the fixture&#39;s scope"></property>
        <property name="evidence.live" value="pass"></property>
        <property name="evidence.live.message" value="SV-MEM-08 (live-backend): §8.1 (L-58) add → delete at SOA_MEMORY_MCP_ENDPOINT — tombstone {tombstone_id=tomb_bd26f01db7c8, deleted_at=2026-04-23T17:15:03.434Z} for seeded note_id=mem_6ab21778ce37"></property>
      </properties>
      <system-out>vector=skip (pre-budgeted skip per M3 plan: cross-tenant isolation may need real Memory MCP beyond the fixture&#39;s scope)&#xA;live=pass (SV-MEM-08 (live-backend): §8.1 (L-58) add → delete at SOA_MEMORY_MCP_ENDPOINT — tombstone {tombstone_id=tomb_bd26f01db7c8, deleted_at=2026-04-23T17:15:03.434Z} for seeded note_id=mem_6ab21778ce37)</system-out>
    </testcase>
    <testcase classname="SV.PERM" name="SV-PERM-01" time="1.645375">
      <properties>
        <property name="evidence.vector" value="pass"></property>
        <property name="evidence.vector.message" value="nonce eq, prompt_id eq, schema OK, JCS=385 bytes, digest matches spec (7bc89069…), PDA typ=soa-pda+jws; PDA sig is placeholder (crypto verify deferred)"></property>
        <property name="evidence.vector" value="pass"></property>
        <property name="evidence.vector.message" value="pinned Tool Registry fixture (8 tools) + §10.3 oracle yield 24 enum-valid decision cells; oracle matches spec 24-cell matrix (asserted in permresolve unit tests)"></property>
        <property name="evidence.live" value="pass"></property>
        <property name="evidence.live.message" value="24 cells swept (all 3 activeModes × 8 tools); every decision matches §10.3 oracle; §10.5.2 not-a-side-effect MUST satisfied — audit this_hash=bac6686a5a776eec968f57b1eebf59222c03b97a156ff9654d046fa9cdfe1c27 unchanged across 24 queries"></property>
      </properties>
      <system-out>vector=pass (nonce eq, prompt_id eq, schema OK, JCS=385 bytes, digest matches spec (7bc89069…), PDA typ=soa-pda+jws; PDA sig is placeholder (crypto verify deferred))&#xA;vector=pass (pinned Tool Registry fixture (8 tools) + §10.3 oracle yield 24 enum-valid decision cells; oracle matches spec 24-cell matrix (asserted in permresolve unit tests))&#xA;live=pass (24 cells swept (all 3 activeModes × 8 tools); every decision matches §10.3 oracle; §10.5.2 not-a-side-effect MUST satisfied — audit this_hash=bac6686a5a776eec968f57b1eebf59222c03b97a156ff9654d046fa9cdfe1c27 unchanged across 24 queries)</system-out>
    </testcase>
    <testcase classname="SV.PERM" name="SV-PERM-02" time="0.000000">
      <properties>
        <property name="evidence.live" value="skip"></property>
        <property name="evidence.live.message" value="SV-PERM-02: SOA_IMPL_BIN unset"></property>
      </properties>
      <skipped message="skipped (live)"></skipped>
      <system-out>live=skip (SV-PERM-02: SOA_IMPL_BIN unset)</system-out>
    </testcase>
    <testcase classname="SV.PERM" name="SV-PERM-03" time="0.000000">
      <properties>
        <property name="evidence.live" value="skip"></property>
        <property name="evidence.live.message" value="SV-PERM-03: SOA_IMPL_BIN unset"></property>
      </properties>
      <skipped message="skipped (live)"></skipped>
      <system-out>live=skip (SV-PERM-03: SOA_IMPL_BIN unset)</system-out>
    </testcase>
    <testcase classname="SV.PERM" name="SV-PERM-04" time="0.000000">
      <properties>
        <property name="evidence.live" value="skip"></property>
        <property name="evidence.live.message" value="SV-PERM-04: SOA_IMPL_BIN unset"></property>
      </properties>
      <skipped message="skipped (live)"></skipped>
      <system-out>live=skip (SV-PERM-04: SOA_IMPL_BIN unset)</system-out>
    </testcase>
    <testcase classname="SV.PERM" name="SV-PERM-05" time="0.097824">
      <properties>
        <property name="evidence.live" value="pass"></property>
        <property name="evidence.live.message" value="§10.5 audit chain: 100 records verified — prev_hash continuity from GENESIS, no chain breaks"></property>
      </properties>
      <system-out>live=pass (§10.5 audit chain: 100 records verified — prev_hash continuity from GENESIS, no chain breaks)</system-out>
    </testcase>
    <testcase classname="SV.PERM" name="SV-PERM-06" time="0.000000">
      <properties>
        <property name="evidence.live" value="skip"></property>
        <property name="evidence.live.message" value="SV-PERM-06: SOA_IMPL_BIN unset"></property>
      </properties>
      <skipped message="skipped (live)"></skipped>
      <system-out>live=skip (SV-PERM-06: SOA_IMPL_BIN unset)</system-out>
    </testcase>
    <testcase classname="SV.PERM" name="SV-PERM-07" time="0.000000">
      <properties>
        <property name="evidence.live" value="skip"></property>
        <property name="evidence.live.message" value="SV-PERM-07: SOA_IMPL_BIN unset"></property>
      </properties>
      <skipped message="skipped (live)"></skipped>
      <system-out>live=skip (SV-PERM-07: SOA_IMPL_BIN unset)</system-out>
    </testcase>
    <testcase classname="SV.PERM" name="SV-PERM-08" time="0.000000">
      <properties>
        <property name="evidence.live" value="skip"></property>
        <property name="evidence.live.message" value="SV-PERM-08: SOA_IMPL_BIN unset"></property>
      </properties>
      <skipped message="skipped (live)"></skipped>
      <system-out>live=skip (SV-PERM-08: SOA_IMPL_BIN unset)</system-out>
    </testcase>
    <testcase classname="SV.PERM" name="SV-PERM-09" time="0.000000">
      <properties>
        <property name="evidence.live" value="skip"></property>
        <property name="evidence.live.message" value="SV-PERM-09: SOA_IMPL_BIN unset"></property>
      </properties>
      <skipped message="skipped (live)"></skipped>
      <system-out>live=skip (SV-PERM-09: SOA_IMPL_BIN unset)</system-out>
    </testcase>
    <testcase classname="SV.PERM" name="SV-PERM-10" time="0.000000">
      <properties>
        <property name="evidence.live" value="skip"></property>
        <property name="evidence.live.message" value="SV-PERM-10: SOA_IMPL_BIN unset"></property>
      </properties>
      <skipped message="skipped (live)"></skipped>
      <system-out>live=skip (SV-PERM-10: SOA_IMPL_BIN unset)</system-out>
    </testcase>
    <testcase classname="SV.PERM" name="SV-PERM-11" time="0.005685">
      <properties>
        <property name="evidence.vector" value="pass"></property>
        <property name="evidence.vector.message" value="§10.6 key-type enforcement: pinned PDA uses alg=&#34;EdDSA&#34; (allowed); full enrollment-time RS256/RSA&lt;3072 rejection needs a handler-enrollment surface (§10.6.1) not yet shipped — structural JWS-alg check covered by SV-PERM-22 live path"></property>
      </properties>
      <system-out>vector=pass (§10.6 key-type enforcement: pinned PDA uses alg=&#34;EdDSA&#34; (allowed); full enrollment-time RS256/RSA&lt;3072 rejection needs a handler-enrollment surface (§10.6.1) not yet shipped — structural JWS-alg check covered by SV-PERM-22 live path)</system-out>
    </testcase>
    <testcase classname="SV.PERM" name="SV-PERM-12" time="0.001150">
      <properties>
        <property name="evidence.live" value="pass"></property>
        <property name="evidence.live.message" value="§10.6.3 POST /handlers/enroll: fresh→201, duplicate→409 HandlerKidConflict, RS256→400 AlgorithmRejected"></property>
      </properties>
      <system-out>live=pass (§10.6.3 POST /handlers/enroll: fresh→201, duplicate→409 HandlerKidConflict, RS256→400 AlgorithmRejected)</system-out>
    </testcase>
    <testcase classname="SV.PERM" name="SV-PERM-13" time="0.000512">
      <properties>
        <property name="evidence.live" value="pass"></property>
        <property name="evidence.live.message" value="§10.6.4 /security/key-storage: storage_mode=software-keystore private_keys_on_disk=false provider=&#34;windows-dpapi&#34;"></property>
      </properties>
      <system-out>live=pass (§10.6.4 /security/key-storage: storage_mode=software-keystore private_keys_on_disk=false provider=&#34;windows-dpapi&#34;)</system-out>
    </testcase>
    <testcase classname="SV.PERM" name="SV-PERM-14" time="0.001168">
      <properties>
        <property name="evidence.live" value="pass"></property>
        <property name="evidence.live.message" value="§10.6.2 SV-PERM-14 (BE-ext): /logs/system/recent has crl-refresh-complete record — impl ships unconditional CRL poller, boot tick fires synchronously so row is visible at /ready=200"></property>
      </properties>
      <system-out>live=pass (§10.6.2 SV-PERM-14 (BE-ext): /logs/system/recent has crl-refresh-complete record — impl ships unconditional CRL poller, boot tick fires synchronously so row is visible at /ready=200)</system-out>
    </testcase>
    <testcase classname="SV.PERM" name="SV-PERM-15" time="0.000000">
      <properties>
        <property name="evidence.live" value="skip"></property>
        <property name="evidence.live.message" value="SV-PERM-15: SOA_IMPL_BIN unset"></property>
      </properties>
      <skipped message="skipped (live)"></skipped>
      <system-out>live=skip (SV-PERM-15: SOA_IMPL_BIN unset)</system-out>
    </testcase>
    <testcase classname="SV.PERM" name="SV-PERM-16" time="0.249062">
      <properties>
        <property name="evidence.live" value="pass"></property>
        <property name="evidence.live.message" value="§10.6.6 retention_class: DFA row → dfa-365d, ReadOnly row → standard-90d"></property>
      </properties>
      <system-out>live=pass (§10.6.6 retention_class: DFA row → dfa-365d, ReadOnly row → standard-90d)</system-out>
    </testcase>
    <testcase classname="SV.PERM" name="SV-PERM-17" time="0.001436">
      <properties>
        <property name="evidence.live" value="pass"></property>
        <property name="evidence.live.message" value="§10.5.7 /audit/reader-tokens: operator mints reader bearer (scope=audit:read:*) → read OK → write 403 with scope-lacks marker"></property>
      </properties>
      <system-out>live=pass (§10.5.7 /audit/reader-tokens: operator mints reader bearer (scope=audit:read:*) → read OK → write 403 with scope-lacks marker)</system-out>
    </testcase>
    <testcase classname="SV.PERM" name="SV-PERM-18" time="0.000516">
      <properties>
        <property name="evidence.vector" value="pass"></property>
        <property name="evidence.vector.message" value="§10.6.1 CRL schema: fresh.json validates against crl.schema.json (runtime stale→HandlerKeyRevoked path composes with SV-PERM-09 + Finding BE once handler-CRL extension ships)"></property>
      </properties>
      <system-out>vector=pass (§10.6.1 CRL schema: fresh.json validates against crl.schema.json (runtime stale→HandlerKeyRevoked path composes with SV-PERM-09 + Finding BE once handler-CRL extension ships))</system-out>
    </testcase>
    <testcase classname="SV.BUD" name="SV-BUD-01" time="0.000514">
      <properties>
        <property name="evidence.vector" value="skip"></property>
        <property name="evidence.vector.message" value="live-only — §13 /budget/projection invariant"></property>
        <property name="evidence.live" value="pass"></property>
        <property name="evidence.live.message" value="SV-BUD-01: §13 projection algorithm: safety_factor=1.15, cold_start_baseline_active=true, cumulative=0 at session-start"></property>
      </properties>
      <system-out>vector=skip (live-only — §13 /budget/projection invariant)&#xA;live=pass (SV-BUD-01: §13 projection algorithm: safety_factor=1.15, cold_start_baseline_active=true, cumulative=0 at session-start)</system-out>
    </testcase>
    <testcase classname="SV.BUD" name="SV-BUD-02" time="0.000000">
      <properties>
        <property name="evidence.vector" value="skip"></property>
        <property name="evidence.vector.message" value="live-only — §13.2 pre-call halt via low-budget card fixture (L-39)"></property>
        <property name="evidence.live" value="skip"></property>
        <property name="evidence.live.message" value="SV-BUD-02: SOA_IMPL_BIN unset; subprocess required to swap RUNNER_CARD_FIXTURE"></property>
      </properties>
      <skipped message="skipped (vector,live)"></skipped>
      <system-out>vector=skip (live-only — §13.2 pre-call halt via low-budget card fixture (L-39))&#xA;live=skip (SV-BUD-02: SOA_IMPL_BIN unset; subprocess required to swap RUNNER_CARD_FIXTURE)</system-out>
    </testcase>
    <testcase classname="SV.BUD" name="SV-BUD-03" time="0.000000">
      <properties>
        <property name="evidence.vector" value="skip"></property>
        <property name="evidence.vector.message" value="M4-deferred: M4 — cancellation on next ContentBlockDelta boundary requires real LLM streaming with delta-boundary arithmetic; beyond M3 impl scope (L-37 retag, same class as SV-STR-11)."></property>
      </properties>
      <skipped message="deferred to M4 per must-map: M4 — cancellation on next ContentBlockDelta boundary requires real LLM streaming with delta-boundary arithmetic; beyond M3 impl scope (L-37 retag, same class as SV-STR-11)."></skipped>
      <system-out>vector=skip (M4-deferred: M4 — cancellation on next ContentBlockDelta boundary requires real LLM streaming with delta-boundary arithmetic; beyond M3 impl scope (L-37 retag, same class as SV-STR-11).)</system-out>
    </testcase>
    <testcase classname="SV.BUD" name="SV-BUD-04" time="0.000000">
      <properties>
        <property name="evidence.vector" value="skip"></property>
        <property name="evidence.vector.message" value="live-only — §13 cache_accounting via RUNNER_SYNTHETIC_CACHE_HIT hook (Finding AD)"></property>
        <property name="evidence.live" value="skip"></property>
        <property name="evidence.live.message" value="SV-BUD-04: SOA_IMPL_BIN unset; subprocess required to set RUNNER_SYNTHETIC_CACHE_HIT"></property>
      </properties>
      <skipped message="skipped (vector,live)"></skipped>
      <system-out>vector=skip (live-only — §13 cache_accounting via RUNNER_SYNTHETIC_CACHE_HIT hook (Finding AD))&#xA;live=skip (SV-BUD-04: SOA_IMPL_BIN unset; subprocess required to set RUNNER_SYNTHETIC_CACHE_HIT)</system-out>
    </testcase>
    <testcase classname="SV.BUD" name="SV-BUD-05" time="0.294265">
      <properties>
        <property name="evidence.vector" value="skip"></property>
        <property name="evidence.vector.message" value="live-only — §13 billing_tag on OTel + audit + events (Findings Q + AB)"></property>
        <property name="evidence.live" value="pass"></property>
        <property name="evidence.live.message" value="SV-BUD-05: §13 billing_tag=&#34;conformance-test&#34; observed on all three §14.4/§10.5/§14.1.1 surfaces — OTel resource_attributes + /audit/records row + PermissionDecision StreamEvent per Findings Q + AB"></property>
      </properties>
      <system-out>vector=skip (live-only — §13 billing_tag on OTel + audit + events (Findings Q + AB))&#xA;live=pass (SV-BUD-05: §13 billing_tag=&#34;conformance-test&#34; observed on all three §14.4/§10.5/§14.1.1 surfaces — OTel resource_attributes + /audit/records row + PermissionDecision StreamEvent per Findings Q + AB)</system-out>
    </testcase>
    <testcase classname="SV.BUD" name="SV-BUD-06" time="0.001238">
      <properties>
        <property name="evidence.vector" value="skip"></property>
        <property name="evidence.vector.message" value="live-only — §13 /budget/projection invariant"></property>
        <property name="evidence.live" value="pass"></property>
        <property name="evidence.live.message" value="SV-BUD-06: §13 StopReason closed enum: /budget/projection.stop_reason_if_exhausted=&#34;BudgetExhausted&#34;"></property>
      </properties>
      <system-out>vector=skip (live-only — §13 /budget/projection invariant)&#xA;live=pass (SV-BUD-06: §13 StopReason closed enum: /budget/projection.stop_reason_if_exhausted=&#34;BudgetExhausted&#34;)</system-out>
    </testcase>
    <testcase classname="SV.BUD" name="SV-BUD-07" time="0.000000">
      <properties>
        <property name="evidence.vector" value="skip"></property>
        <property name="evidence.vector.message" value="live-only — §24 BillingTagMismatch gate at POST /sessions"></property>
        <property name="evidence.live" value="pass"></property>
        <property name="evidence.live.message" value="SV-BUD-07: POST /sessions with billing_tag != card.tokenBudget.billingTag refused with 403 error=BillingTagMismatch per §24 + Finding R wiring"></property>
      </properties>
      <system-out>vector=skip (live-only — §24 BillingTagMismatch gate at POST /sessions)&#xA;live=pass (SV-BUD-07: POST /sessions with billing_tag != card.tokenBudget.billingTag refused with 403 error=BillingTagMismatch per §24 + Finding R wiring)</system-out>
    </testcase>
    <testcase classname="SV.STR" name="SV-STR-01" time="0.155228">
      <properties>
        <property name="evidence.vector" value="skip"></property>
        <property name="evidence.vector.message" value="live-only — §14 §14.1 envelope validates + type ∈ 27-value closed enum (L-35 PreToolUseOutcome/PostToolUseOutcome included) observed via GET /events/recent"></property>
        <property name="evidence.live" value="pass"></property>
        <property name="evidence.live.message" value="SV-STR-01: §14.1 envelope validates + type ∈ 27-value closed enum (L-35 PreToolUseOutcome/PostToolUseOutcome included) (observed 3 events: SessionStart×1, PermissionDecision×2)"></property>
      </properties>
      <system-out>vector=skip (live-only — §14 §14.1 envelope validates + type ∈ 27-value closed enum (L-35 PreToolUseOutcome/PostToolUseOutcome included) observed via GET /events/recent)&#xA;live=pass (SV-STR-01: §14.1 envelope validates + type ∈ 27-value closed enum (L-35 PreToolUseOutcome/PostToolUseOutcome included) (observed 3 events: SessionStart×1, PermissionDecision×2))</system-out>
    </testcase>
    <testcase classname="SV.STR" name="SV-STR-02" time="0.155690">
      <properties>
        <property name="evidence.vector" value="skip"></property>
        <property name="evidence.vector.message" value="live-only — §14 §14.1 sequence strictly-increasing per session_id observed via GET /events/recent"></property>
        <property name="evidence.live" value="pass"></property>
        <property name="evidence.live.message" value="SV-STR-02: §14.1 sequence strictly-increasing per session_id (observed 4 events: SessionStart×1, PermissionDecision×3)"></property>
      </properties>
      <system-out>vector=skip (live-only — §14 §14.1 sequence strictly-increasing per session_id observed via GET /events/recent)&#xA;live=pass (SV-STR-02: §14.1 sequence strictly-increasing per session_id (observed 4 events: SessionStart×1, PermissionDecision×3))</system-out>
    </testcase>
    <testcase classname="SV.STR" name="SV-STR-03" time="0.155835">
      <properties>
        <property name="evidence.vector" value="skip"></property>
        <property name="evidence.vector.message" value="live-only — §14 §14.1 event_id unique per session observed via GET /events/recent"></property>
        <property name="evidence.live" value="pass"></property>
        <property name="evidence.live.message" value="SV-STR-03: §14.1 event_id unique per session (observed 5 events: SessionStart×1, PermissionDecision×4)"></property>
      </properties>
      <system-out>vector=skip (live-only — §14 §14.1 event_id unique per session observed via GET /events/recent)&#xA;live=pass (SV-STR-03: §14.1 event_id unique per session (observed 5 events: SessionStart×1, PermissionDecision×4))</system-out>
    </testcase>
    <testcase classname="SV.STR" name="SV-STR-04" time="0.000000">
      <properties>
        <property name="evidence.vector" value="skip"></property>
        <property name="evidence.vector.message" value="pre-budgeted skip per M3 plan: §14.3 SSE terminal-event semantics — /events/recent polling may not exercise terminal-event ordering"></property>
        <property name="evidence.live" value="skip"></property>
        <property name="evidence.live.message" value="SV-STR-04 pre-budgeted against M3 19-skip budget; /events/recent is polling-based, terminal-event ordering needs SSE (M4)"></property>
      </properties>
      <skipped message="skipped (vector,live)"></skipped>
      <system-out>vector=skip (pre-budgeted skip per M3 plan: §14.3 SSE terminal-event semantics — /events/recent polling may not exercise terminal-event ordering)&#xA;live=skip (SV-STR-04 pre-budgeted against M3 19-skip budget; /events/recent is polling-based, terminal-event ordering needs SSE (M4))</system-out>
    </testcase>
    <testcase classname="SV.STR" name="SV-STR-05" time="0.155878">
      <properties>
        <property name="evidence.vector" value="skip"></property>
        <property name="evidence.vector.message" value="live-only — §14 §14.2 every record has category from closed list (unified with §14.1 27-value enum) observed via GET /events/recent"></property>
        <property name="evidence.live" value="pass"></property>
        <property name="evidence.live.message" value="SV-STR-05: §14.2 every record has category from closed list (unified with §14.1 27-value enum) (observed 6 events: PermissionDecision×5, SessionStart×1)"></property>
      </properties>
      <system-out>vector=skip (live-only — §14 §14.2 every record has category from closed list (unified with §14.1 27-value enum) observed via GET /events/recent)&#xA;live=pass (SV-STR-05: §14.2 every record has category from closed list (unified with §14.1 27-value enum) (observed 6 events: PermissionDecision×5, SessionStart×1))</system-out>
    </testcase>
    <testcase classname="SV.STR" name="SV-STR-06" time="0.256685">
      <properties>
        <property name="evidence.vector" value="skip"></property>
        <property name="evidence.vector.message" value="live-only — §14.5.2 /observability/otel-spans/recent"></property>
        <property name="evidence.live" value="pass"></property>
        <property name="evidence.live.message" value="SV-STR-06: §14.4 span names (soa.turn, soa.tool.&lt;name&gt;) + required attrs (observed 12 spans)"></property>
      </properties>
      <system-out>vector=skip (live-only — §14.5.2 /observability/otel-spans/recent)&#xA;live=pass (SV-STR-06: §14.4 span names (soa.turn, soa.tool.&lt;name&gt;) + required attrs (observed 12 spans))</system-out>
    </testcase>
    <testcase classname="SV.STR" name="SV-STR-07" time="0.256896">
      <properties>
        <property name="evidence.vector" value="skip"></property>
        <property name="evidence.vector.message" value="live-only — §14.5.2 /observability/otel-spans/recent"></property>
        <property name="evidence.live" value="pass"></property>
        <property name="evidence.live.message" value="SV-STR-07: §14.4 observability.requiredResourceAttrs default set {service.name, soa.agent.name, soa.agent.version, soa.billing.tag} present on every span (observed 14 spans)"></property>
      </properties>
      <system-out>vector=skip (live-only — §14.5.2 /observability/otel-spans/recent)&#xA;live=pass (SV-STR-07: §14.4 observability.requiredResourceAttrs default set {service.name, soa.agent.name, soa.agent.version, soa.billing.tag} present on every span (observed 14 spans))</system-out>
    </testcase>
    <testcase classname="SV.STR" name="SV-STR-08" time="0.001165">
      <properties>
        <property name="evidence.vector" value="skip"></property>
        <property name="evidence.vector.message" value="live-only — §14.5.3 /observability/backpressure"></property>
        <property name="evidence.live" value="pass"></property>
        <property name="evidence.live.message" value="SV-STR-08: §14.5.3 /observability/backpressure schema-valid; buffer_capacity=10000 (§14.4 const), buffer_size_current=0, dropped_since_boot=0"></property>
      </properties>
      <system-out>vector=skip (live-only — §14.5.3 /observability/backpressure)&#xA;live=pass (SV-STR-08: §14.5.3 /observability/backpressure schema-valid; buffer_capacity=10000 (§14.4 const), buffer_size_current=0, dropped_since_boot=0)</system-out>
    </testcase>
    <testcase classname="SV.STR" name="SV-STR-09" time="0.210602">
      <properties>
        <property name="evidence.vector" value="skip"></property>
        <property name="evidence.vector.message" value="live-only — §14 §14.1.1 per-type payload validates against stream-event-payloads.schema.json oneOf dispatch observed via GET /events/recent"></property>
        <property name="evidence.live" value="pass"></property>
        <property name="evidence.live.message" value="SV-STR-09: §14.1.1 per-type payload validates against stream-event-payloads.schema.json oneOf dispatch (observed 9 events: SessionStart×1, PermissionDecision×8)"></property>
      </properties>
      <system-out>vector=skip (live-only — §14 §14.1.1 per-type payload validates against stream-event-payloads.schema.json oneOf dispatch observed via GET /events/recent)&#xA;live=pass (SV-STR-09: §14.1.1 per-type payload validates against stream-event-payloads.schema.json oneOf dispatch (observed 9 events: SessionStart×1, PermissionDecision×8))</system-out>
    </testcase>
    <testcase classname="SV.STR" name="SV-STR-10" time="0.000000">
      <properties>
        <property name="evidence.live" value="skip"></property>
        <property name="evidence.live.message" value="SV-STR-10: SOA_IMPL_BIN unset"></property>
      </properties>
      <skipped message="skipped (live)"></skipped>
      <system-out>live=skip (SV-STR-10: SOA_IMPL_BIN unset)</system-out>
    </testcase>
    <testcase classname="SV.STR" name="SV-STR-11" time="0.000000">
      <properties>
        <property name="evidence.vector" value="skip"></property>
        <property name="evidence.vector.message" value="M4-deferred: M4 — mid-ContentBlockDelta compaction trigger requires real LLM dispatcher streaming, beyond M3 impl scope (L-36 retag)."></property>
      </properties>
      <skipped message="deferred to M4 per must-map: M4 — mid-ContentBlockDelta compaction trigger requires real LLM dispatcher streaming, beyond M3 impl scope (L-36 retag)."></skipped>
      <system-out>vector=skip (M4-deferred: M4 — mid-ContentBlockDelta compaction trigger requires real LLM dispatcher streaming, beyond M3 impl scope (L-36 retag).)</system-out>
    </testcase>
    <testcase classname="SV.STR" name="SV-STR-15" time="0.210036">
      <properties>
        <property name="evidence.vector" value="skip"></property>
        <property name="evidence.vector.message" value="live-only — §14 §14.1.1 stream-event-payloads.schema.json top-level oneOf dispatch + every emitted event validates observed via GET /events/recent"></property>
        <property name="evidence.live" value="pass"></property>
        <property name="evidence.live.message" value="SV-STR-15: §14.1.1 stream-event-payloads.schema.json top-level oneOf dispatch + every emitted event validates (observed 10 events: SessionStart×1, PermissionDecision×9)"></property>
      </properties>
      <system-out>vector=skip (live-only — §14 §14.1.1 stream-event-payloads.schema.json top-level oneOf dispatch + every emitted event validates observed via GET /events/recent)&#xA;live=pass (SV-STR-15: §14.1.1 stream-event-payloads.schema.json top-level oneOf dispatch + every emitted event validates (observed 10 events: SessionStart×1, PermissionDecision×9))</system-out>
    </testcase>
    <testcase classname="SV.STR" name="SV-STR-16" time="0.000000">
      <properties>
        <property name="evidence.vector" value="skip"></property>
        <property name="evidence.vector.message" value="M4-deferred: M4 — trust_class enforcement observation requires Gateway surface (§14.1.2 is a Runner-side static mapping; decision-and-render happens at Gateway, not Runner). L-36 retag."></property>
      </properties>
      <skipped message="deferred to M4 per must-map: M4 — trust_class enforcement observation requires Gateway surface (§14.1.2 is a Runner-side static mapping; decision-and-render happens at Gateway, not Runner). L-36 retag."></skipped>
      <system-out>vector=skip (M4-deferred: M4 — trust_class enforcement observation requires Gateway surface (§14.1.2 is a Runner-side static mapping; decision-and-render happens at Gateway, not Runner). L-36 retag.)</system-out>
    </testcase>
    <testcase classname="SV.HOOK" name="SV-HOOK-01" time="0.000000">
      <properties>
        <property name="evidence.vector" value="skip"></property>
        <property name="evidence.vector.message" value="live-only — §15 hook lifecycle PreToolUse stdin schema conformance"></property>
        <property name="evidence.live" value="skip"></property>
        <property name="evidence.live.message" value="SV-HOOK-01: SOA_IMPL_BIN unset; cannot spawn subprocess with hook"></property>
      </properties>
      <skipped message="skipped (vector,live)"></skipped>
      <system-out>vector=skip (live-only — §15 hook lifecycle PreToolUse stdin schema conformance)&#xA;live=skip (SV-HOOK-01: SOA_IMPL_BIN unset; cannot spawn subprocess with hook)</system-out>
    </testcase>
    <testcase classname="SV.HOOK" name="SV-HOOK-02" time="0.000000">
      <properties>
        <property name="evidence.vector" value="skip"></property>
        <property name="evidence.vector.message" value="live-only — §15 hook lifecycle PreToolUse 5s timeout → SIGKILL + Deny"></property>
        <property name="evidence.live" value="skip"></property>
        <property name="evidence.live.message" value="SV-HOOK-02: SOA_IMPL_BIN unset; cannot spawn subprocess with hook"></property>
      </properties>
      <skipped message="skipped (vector,live)"></skipped>
      <system-out>vector=skip (live-only — §15 hook lifecycle PreToolUse 5s timeout → SIGKILL + Deny)&#xA;live=skip (SV-HOOK-02: SOA_IMPL_BIN unset; cannot spawn subprocess with hook)</system-out>
    </testcase>
    <testcase classname="SV.HOOK" name="SV-HOOK-03" time="0.000000">
      <properties>
        <property name="evidence.vector" value="skip"></property>
        <property name="evidence.vector.message" value="live-only — §15 hook lifecycle PostToolUse 10s timeout → SIGKILL + log"></property>
        <property name="evidence.live" value="skip"></property>
        <property name="evidence.live.message" value="SV-HOOK-03: SOA_IMPL_BIN unset; cannot spawn subprocess with hook"></property>
      </properties>
      <skipped message="skipped (vector,live)"></skipped>
      <system-out>vector=skip (live-only — §15 hook lifecycle PostToolUse 10s timeout → SIGKILL + log)&#xA;live=skip (SV-HOOK-03: SOA_IMPL_BIN unset; cannot spawn subprocess with hook)</system-out>
    </testcase>
    <testcase classname="SV.HOOK" name="SV-HOOK-04" time="0.000000">
      <properties>
        <property name="evidence.vector" value="skip"></property>
        <property name="evidence.vector.message" value="live-only — §15 hook lifecycle exit-code table: 3 → Prompt (one arm)"></property>
        <property name="evidence.live" value="skip"></property>
        <property name="evidence.live.message" value="SV-HOOK-04: SOA_IMPL_BIN unset; cannot spawn subprocess with hook"></property>
      </properties>
      <skipped message="skipped (vector,live)"></skipped>
      <system-out>vector=skip (live-only — §15 hook lifecycle exit-code table: 3 → Prompt (one arm))&#xA;live=skip (SV-HOOK-04: SOA_IMPL_BIN unset; cannot spawn subprocess with hook)</system-out>
    </testcase>
    <testcase classname="SV.HOOK" name="SV-HOOK-05" time="0.000000">
      <properties>
        <property name="evidence.vector" value="skip"></property>
        <property name="evidence.vector.message" value="live-only — §15 hook lifecycle PreToolUse replace_args observable via PreToolUseOutcome StreamEvent (§14.1 + §19.4)"></property>
        <property name="evidence.live" value="skip"></property>
        <property name="evidence.live.message" value="SV-HOOK-05: SOA_IMPL_BIN unset; cannot spawn subprocess with hook"></property>
      </properties>
      <skipped message="skipped (vector,live)"></skipped>
      <system-out>vector=skip (live-only — §15 hook lifecycle PreToolUse replace_args observable via PreToolUseOutcome StreamEvent (§14.1 + §19.4))&#xA;live=skip (SV-HOOK-05: SOA_IMPL_BIN unset; cannot spawn subprocess with hook)</system-out>
    </testcase>
    <testcase classname="SV.HOOK" name="SV-HOOK-06" time="0.000000">
      <properties>
        <property name="evidence.vector" value="skip"></property>
        <property name="evidence.vector.message" value="live-only — §15 hook lifecycle PostToolUse replace_result observable via PostToolUseOutcome StreamEvent (§14.1 + §19.4)"></property>
        <property name="evidence.live" value="skip"></property>
        <property name="evidence.live.message" value="SV-HOOK-06: SOA_IMPL_BIN unset; cannot spawn subprocess with hook"></property>
      </properties>
      <skipped message="skipped (vector,live)"></skipped>
      <system-out>vector=skip (live-only — §15 hook lifecycle PostToolUse replace_result observable via PostToolUseOutcome StreamEvent (§14.1 + §19.4))&#xA;live=skip (SV-HOOK-06: SOA_IMPL_BIN unset; cannot spawn subprocess with hook)</system-out>
    </testcase>
    <testcase classname="SV.HOOK" name="SV-HOOK-07" time="0.000000">
      <properties>
        <property name="evidence.vector" value="skip"></property>
        <property name="evidence.vector.message" value="live-only — §15 hook lifecycle §15 step-5 ordering: sequence monotonicity of PermissionDecision → PreToolUseOutcome → PostToolUseOutcome on 27-value §14.1 enum"></property>
        <property name="evidence.live" value="skip"></property>
        <property name="evidence.live.message" value="SV-HOOK-07: SOA_IMPL_BIN unset; cannot spawn subprocess with hook"></property>
      </properties>
      <skipped message="skipped (vector,live)"></skipped>
      <system-out>vector=skip (live-only — §15 hook lifecycle §15 step-5 ordering: sequence monotonicity of PermissionDecision → PreToolUseOutcome → PostToolUseOutcome on 27-value §14.1 enum)&#xA;live=skip (SV-HOOK-07: SOA_IMPL_BIN unset; cannot spawn subprocess with hook)</system-out>
    </testcase>
    <testcase classname="SV.HOOK" name="SV-HOOK-08" time="0.000000">
      <properties>
        <property name="evidence.vector" value="skip"></property>
        <property name="evidence.vector.message" value="live-only — §15 hook lifecycle §15 hook-reentrancy guard — Pre hook callbacks into /permissions/decisions MUST 403 hook-reentrancy + terminate session (SessionEnd.stop_reason=HookReentrancy) per Finding N"></property>
        <property name="evidence.live" value="skip"></property>
        <property name="evidence.live.message" value="SV-HOOK-08: SOA_IMPL_BIN unset; cannot spawn subprocess with hook"></property>
      </properties>
      <skipped message="skipped (vector,live)"></skipped>
      <system-out>vector=skip (live-only — §15 hook lifecycle §15 hook-reentrancy guard — Pre hook callbacks into /permissions/decisions MUST 403 hook-reentrancy + terminate session (SessionEnd.stop_reason=HookReentrancy) per Finding N)&#xA;live=skip (SV-HOOK-08: SOA_IMPL_BIN unset; cannot spawn subprocess with hook)</system-out>
    </testcase>
    <testcase classname="SV.SESS" name="SV-SESS-01" time="0.104802">
      <properties>
        <property name="evidence.vector" value="skip"></property>
        <property name="evidence.vector.message" value="live-only — §12.5.1 response-shape assertion"></property>
        <property name="evidence.live" value="pass"></property>
        <property name="evidence.live.message" value="GET /sessions/&lt;id&gt;/state: 200 + schema-valid per §12.5.1"></property>
      </properties>
      <system-out>vector=skip (live-only — §12.5.1 response-shape assertion)&#xA;live=pass (GET /sessions/&lt;id&gt;/state: 200 + schema-valid per §12.5.1)</system-out>
    </testcase>
    <testcase classname="SV.SESS" name="SV-SESS-02" time="0.000000">
      <properties>
        <property name="evidence.vector" value="skip"></property>
        <property name="evidence.vector.message" value="live-only — §12.5 session-format refusal is a boot-time assertion"></property>
        <property name="evidence.live" value="skip"></property>
        <property name="evidence.live.message" value="SV-SESS-02: SOA_IMPL_BIN not set"></property>
      </properties>
      <skipped message="skipped (vector,live)"></skipped>
      <system-out>vector=skip (live-only — §12.5 session-format refusal is a boot-time assertion)&#xA;live=skip (SV-SESS-02: SOA_IMPL_BIN not set)</system-out>
    </testcase>
    <testcase classname="SV.SESS" name="SV-SESS-03" time="0.146418">
      <properties>
        <property name="evidence.vector" value="skip"></property>
        <property name="evidence.vector.message" value="live-only — §12.2 bracket-persist is a runtime state-machine assertion"></property>
        <property name="evidence.live" value="pass"></property>
        <property name="evidence.live.message" value="SV-SESS-03: 10 decisions driven; /state tracked 10 unique side_effect(s) across 55 observation(s); phases always pending → {committed,compensated}; last_phase_transition_at monotonically non-decreasing per §12.2"></property>
      </properties>
[...]
      <properties>
        <property name="evidence.vector" value="skip"></property>
        <property name="evidence.vector.message" value="live-only test per spec §10.5.2 (endpoint-behavior assertion)"></property>
        <property name="evidence.live" value="pass"></property>
        <property name="evidence.live.message" value="state-adaptive: this_hash=e4ac13d7…, record_count=2904, last_record_timestamp present; two-read idempotence holds"></property>
      </properties>
      <system-out>vector=skip (live-only test per spec §10.5.2 (endpoint-behavior assertion))&#xA;live=pass (state-adaptive: this_hash=e4ac13d7…, record_count=2904, last_record_timestamp present; two-read idempotence holds)</system-out>
    </testcase>
    <testcase classname="SV.AUDIT" name="SV-AUDIT-RECORDS-01" time="0.248500">
      <properties>
        <property name="evidence.vector" value="skip"></property>
        <property name="evidence.vector.message" value="live-only test per spec §10.5.3"></property>
        <property name="evidence.live" value="pass"></property>
        <property name="evidence.live.message" value="walked 30 pages (sizes=[100 100 100 100 100 100 100 100 100 100 100 100 100 100 100 100 100 100 100 100 100 100 100 100 100 100 100 100 100 4]); 2904 records total; schema-valid on every page; chain order (earliest→latest) holds"></property>
      </properties>
      <system-out>vector=skip (live-only test per spec §10.5.3)&#xA;live=pass (walked 30 pages (sizes=[100 100 100 100 100 100 100 100 100 100 100 100 100 100 100 100 100 100 100 100 100 100 100 100 100 100 100 100 100 4]); 2904 records total; schema-valid on every page; chain order (earliest→latest) holds)</system-out>
    </testcase>
    <testcase classname="SV.AUDIT" name="SV-AUDIT-RECORDS-02" time="0.259971">
      <properties>
        <property name="evidence.vector" value="skip"></property>
        <property name="evidence.vector.message" value="live-only test per spec §10.5.3+§10.5"></property>
        <property name="evidence.live" value="pass"></property>
        <property name="evidence.live.message" value="§10.5 chain integrity holds across 2904 records: records[0].prev_hash=GENESIS; for all i&gt;0 records[i].prev_hash==records[i-1].this_hash"></property>
      </properties>
      <system-out>vector=skip (live-only test per spec §10.5.3+§10.5)&#xA;live=pass (§10.5 chain integrity holds across 2904 records: records[0].prev_hash=GENESIS; for all i&gt;0 records[i].prev_hash==records[i-1].this_hash)</system-out>
    </testcase>
    <testcase classname="SV.SESS" name="SV-SESS-BOOT-01" time="0.603032">
      <properties>
        <property name="evidence.vector" value="skip"></property>
        <property name="evidence.vector.message" value="no pinned vector for this test — POST /sessions is an endpoint-behavior assertion"></property>
        <property name="evidence.live" value="pass"></property>
        <property name="evidence.live.message" value="6 sessions minted (3 caps × 2 decide-scope variants); all 201 bodies schema-valid; granted == requested; ids+bearers shape OK; round-trip: decide=true bearers authorize /permissions/decisions (201), decide=false bearers refused (403 insufficient-scope) — scope grant independent of capability"></property>
      </properties>
      <system-out>vector=skip (no pinned vector for this test — POST /sessions is an endpoint-behavior assertion)&#xA;live=pass (6 sessions minted (3 caps × 2 decide-scope variants); all 201 bodies schema-valid; granted == requested; ids+bearers shape OK; round-trip: decide=true bearers authorize /permissions/decisions (201), decide=false bearers refused (403 insufficient-scope) — scope grant independent of capability)</system-out>
    </testcase>
    <testcase classname="SV.SESS" name="SV-SESS-BOOT-02" time="0.000000">
      <properties>
        <property name="evidence.vector" value="skip"></property>
        <property name="evidence.vector.message" value="pure impl-behavior assertion; no vector evidence"></property>
        <property name="evidence.live" value="skip"></property>
        <property name="evidence.live.message" value="running Runner serves card with activeMode=DangerFullAccess (not ReadOnly). Path (a) needs SOA_IMPL_BIN set to spawn a second impl on a test port with RUNNER_CARD_PATH=&lt;spec&gt;/test-vectors/agent-card.json. Path (b) waits for Week 5b create-soa-agent ReadOnly deployment."></property>
      </properties>
      <skipped message="skipped (vector,live)"></skipped>
      <system-out>vector=skip (pure impl-behavior assertion; no vector evidence)&#xA;live=skip (running Runner serves card with activeMode=DangerFullAccess (not ReadOnly). Path (a) needs SOA_IMPL_BIN set to spawn a second impl on a test port with RUNNER_CARD_PATH=&lt;spec&gt;/test-vectors/agent-card.json. Path (b) waits for Week 5b create-soa-agent ReadOnly deployment.)</system-out>
    </testcase>
    <testcase classname="SV.PERM" name="SV-PERM-20" time="0.299139">
      <properties>
        <property name="evidence.vector" value="skip"></property>
        <property name="evidence.vector.message" value="live-only test per spec §10.3.2"></property>
        <property name="evidence.live" value="pass"></property>
        <property name="evidence.live.message" value="positive (T-03 minted bearer): decision=AutoAllow matches §10.3 oracle, schema-valid, +1 audit (2907→2908), audit_this_hash=ee2439a2… matches tail; negatives: insufficient-scope (no decide on bearer) → 403 + audit unchanged; session-bearer-mismatch (bearer-A, body-session-B) → 403 + audit unchanged. RUNNER_DEMO_SESSION dependency retired. pda-decision-mismatch variant still skipped (deployment lacks PDA verify wiring; see SV-PERM-22)."></property>
      </properties>
      <system-out>vector=skip (live-only test per spec §10.3.2)&#xA;live=pass (positive (T-03 minted bearer): decision=AutoAllow matches §10.3 oracle, schema-valid, +1 audit (2907→2908), audit_this_hash=ee2439a2… matches tail; negatives: insufficient-scope (no decide on bearer) → 403 + audit unchanged; session-bearer-mismatch (bearer-A, body-session-B) → 403 + audit unchanged. RUNNER_DEMO_SESSION dependency retired. pda-decision-mismatch variant still skipped (deployment lacks PDA verify wiring; see SV-PERM-22).)</system-out>
    </testcase>
    <testcase classname="SV.PERM" name="SV-PERM-21" time="0.256347">
      <properties>
        <property name="evidence.vector" value="skip"></property>
        <property name="evidence.vector.message" value="live-only test per spec §10.3.2+§6.1.1"></property>
        <property name="evidence.live" value="pass"></property>
        <property name="evidence.live.message" value="PDA happy-path: 201, decision=Prompt, handler_accepted=true, audit_record_id=aud_02e94d25ff44, audit_this_hash=b5d74956…, newest /audit/records signer_key_id=soa-conformance-test-handler-v1.0 (L-24 fixture)"></property>
      </properties>
      <system-out>vector=skip (live-only test per spec §10.3.2+§6.1.1)&#xA;live=pass (PDA happy-path: 201, decision=Prompt, handler_accepted=true, audit_record_id=aud_02e94d25ff44, audit_this_hash=b5d74956…, newest /audit/records signer_key_id=soa-conformance-test-handler-v1.0 (L-24 fixture))</system-out>
    </testcase>
    <testcase classname="SV.PERM" name="SV-PERM-22" time="0.105522">
      <properties>
        <property name="evidence.vector" value="skip"></property>
        <property name="evidence.vector.message" value="live-only test per spec §10.3.2+§6.1.1"></property>
        <property name="evidence.live" value="pass"></property>
        <property name="evidence.live.message" value="malformed-wire PDA → 400 reason=pda-malformed (L-26 enum); no audit record written. crypto-invalid-but-well-formed and decision-mismatch branches require constructing a well-formed-but-wrong-signed PDA — deferred (fixture/design TBD)."></property>
      </properties>
      <system-out>vector=skip (live-only test per spec §10.3.2+§6.1.1)&#xA;live=pass (malformed-wire PDA → 400 reason=pda-malformed (L-26 enum); no audit record written. crypto-invalid-but-well-formed and decision-mismatch branches require constructing a well-formed-but-wrong-signed PDA — deferred (fixture/design TBD).)</system-out>
    </testcase>
    <testcase classname="SV.SESS" name="SV-SESS-STATE-01" time="0.099745">
      <properties>
        <property name="evidence.vector" value="skip"></property>
        <property name="evidence.vector.message" value="live-only — §12.5.1 endpoint behavior"></property>
        <property name="evidence.live" value="pass"></property>
        <property name="evidence.live.message" value="GET /sessions/&lt;id&gt;/state: 200 + schema OK + strip(generated_at) byte-identical across two reads per §12.5.1 + L-28 F-01"></property>
      </properties>
      <system-out>vector=skip (live-only — §12.5.1 endpoint behavior)&#xA;live=pass (GET /sessions/&lt;id&gt;/state: 200 + schema OK + strip(generated_at) byte-identical across two reads per §12.5.1 + L-28 F-01)</system-out>
    </testcase>
    <testcase classname="SV.AUDIT" name="SV-AUDIT-SINK-EVENTS-01" time="0.000000">
      <properties>
        <property name="evidence.vector" value="skip"></property>
        <property name="evidence.vector.message" value="live-only — §10.5.1 is a runtime state-machine assertion"></property>
        <property name="evidence.live" value="skip"></property>
        <property name="evidence.live.message" value="SOA_IMPL_BIN not set. Set SOA_IMPL_BIN=&#39;node /abs/path/to/start-runner.js&#39; to exercise §10.5.1 audit-sink state machine."></property>
      </properties>
      <skipped message="skipped (vector,live)"></skipped>
      <system-out>vector=skip (live-only — §10.5.1 is a runtime state-machine assertion)&#xA;live=skip (SOA_IMPL_BIN not set. Set SOA_IMPL_BIN=&#39;node /abs/path/to/start-runner.js&#39; to exercise §10.5.1 audit-sink state machine.)</system-out>
    </testcase>
    <testcase classname="SV.MEM" name="SV-MEM-STATE-01" time="0.000700">
      <properties>
        <property name="evidence.vector" value="skip"></property>
        <property name="evidence.vector.message" value="live-only — §8.3.2 /memory/state response shape"></property>
        <property name="evidence.live" value="pass"></property>
        <property name="evidence.live.message" value="GET /memory/state: 200 + schema-valid per §8.3.2"></property>
      </properties>
      <system-out>vector=skip (live-only — §8.3.2 /memory/state response shape)&#xA;live=pass (GET /memory/state: 200 + schema-valid per §8.3.2)</system-out>
    </testcase>
    <testcase classname="SV.BUD" name="SV-BUD-PROJ-01" time="0.000514">
      <properties>
        <property name="evidence.vector" value="skip"></property>
        <property name="evidence.vector.message" value="live-only — §13.5 /budget/projection observability"></property>
        <property name="evidence.live" value="pass"></property>
        <property name="evidence.live.message" value="SV-BUD-PROJ-01: GET /budget/projection/&lt;sid&gt; 200 + schema-valid per §13.5"></property>
      </properties>
      <system-out>vector=skip (live-only — §13.5 /budget/projection observability)&#xA;live=pass (SV-BUD-PROJ-01: GET /budget/projection/&lt;sid&gt; 200 + schema-valid per §13.5)</system-out>
    </testcase>
    <testcase classname="SV.REG" name="SV-REG-OBS-01" time="0.000609">
      <properties>
        <property name="evidence.vector" value="skip"></property>
        <property name="evidence.vector.message" value="live-only — §11.4 /tools/registered observability"></property>
        <property name="evidence.live" value="pass"></property>
        <property name="evidence.live.message" value="SV-REG-OBS-01: GET /tools/registered 200 + schema-valid per §11.4"></property>
      </properties>
      <system-out>vector=skip (live-only — §11.4 /tools/registered observability)&#xA;live=pass (SV-REG-OBS-01: GET /tools/registered 200 + schema-valid per §11.4)</system-out>
    </testcase>
    <testcase classname="SV.MEM" name="SV-MEM-STATE-02" time="0.000980">
      <properties>
        <property name="evidence.vector" value="skip"></property>
        <property name="evidence.vector.message" value="live-only — §8.3.2 not-a-side-effect invariant (byte-identity excl generated_at)"></property>
        <property name="evidence.live" value="pass"></property>
        <property name="evidence.live.message" value="§8.3.2 not-a-side-effect: strip(generated_at) byte-identical across two reads"></property>
      </properties>
      <system-out>vector=skip (live-only — §8.3.2 not-a-side-effect invariant (byte-identity excl generated_at))&#xA;live=pass (§8.3.2 not-a-side-effect: strip(generated_at) byte-identical across two reads)</system-out>
    </testcase>
    <testcase classname="SV.BUD" name="SV-BUD-PROJ-02" time="0.001018">
      <properties>
        <property name="evidence.vector" value="skip"></property>
        <property name="evidence.vector.message" value="live-only — §13.5 /budget/projection observability"></property>
        <property name="evidence.live" value="pass"></property>
        <property name="evidence.live.message" value="SV-BUD-PROJ-02: §13.5 not-a-side-effect — strip(generated_at) byte-identical across two reads"></property>
      </properties>
      <system-out>vector=skip (live-only — §13.5 /budget/projection observability)&#xA;live=pass (SV-BUD-PROJ-02: §13.5 not-a-side-effect — strip(generated_at) byte-identical across two reads)</system-out>
    </testcase>
    <testcase classname="SV.REG" name="SV-REG-OBS-02" time="0.001249">
      <properties>
        <property name="evidence.vector" value="skip"></property>
        <property name="evidence.vector.message" value="live-only — §11.4 /tools/registered observability"></property>
        <property name="evidence.live" value="pass"></property>
        <property name="evidence.live.message" value="SV-REG-OBS-02: §11.4 not-a-side-effect — strip(generated_at) byte-identical across two reads"></property>
      </properties>
      <system-out>vector=skip (live-only — §11.4 /tools/registered observability)&#xA;live=pass (SV-REG-OBS-02: §11.4 not-a-side-effect — strip(generated_at) byte-identical across two reads)</system-out>
    </testcase>
    <testcase classname="SV.STR" name="SV-STR-OBS-01" time="0.000513">
      <properties>
        <property name="evidence.vector" value="skip"></property>
        <property name="evidence.vector.message" value="live-only — §14 minimum observability via GET /events/recent"></property>
        <property name="evidence.live" value="pass"></property>
        <property name="evidence.live.message" value="GET /events/recent: 200 + schema-valid per §14 minimum observability"></property>
      </properties>
      <system-out>vector=skip (live-only — §14 minimum observability via GET /events/recent)&#xA;live=pass (GET /events/recent: 200 + schema-valid per §14 minimum observability)</system-out>
    </testcase>
    <testcase classname="HR" name="HR-09" time="0.000509">
      <properties>
        <property name="evidence.vector" value="pass"></property>
        <property name="evidence.vector.message" value="§9.3 SI marker escape: validator-local diff-validator accepts in-span edit + rejects out-of-span edit with SelfImprovementRejected"></property>
      </properties>
      <system-out>vector=pass (§9.3 SI marker escape: validator-local diff-validator accepts in-span edit + rejects out-of-span edit with SelfImprovementRejected)</system-out>
    </testcase>
    <testcase classname="HR" name="HR-10" time="0.000000">
      <properties>
        <property name="evidence.vector" value="pass"></property>
        <property name="evidence.vector.message" value="§9.1 SI immutable task: validator-local diff-validator rejects tasks/* edits with ImmutableTargetEdit + accepts non-tasks in-span edits"></property>
      </properties>
      <system-out>vector=pass (§9.1 SI immutable task: validator-local diff-validator rejects tasks/* edits with ImmutableTargetEdit + accepts non-tasks in-span edits)</system-out>
    </testcase>
    <testcase classname="SV.ADAPTER" name="SV-ADAPTER-01" time="0.000000">
      <properties>
        <property name="evidence.vector" value="skip"></property>
        <property name="evidence.vector.message" value="M4-deferred: M4 — LangGraph adapter package introduction (L-52). §18.5 and §14.6 added as v1.0.16 editorial addenda; validator gains --adapter flag per §18.5.5; impl ships packages/langgraph-adapter emitting the declared Agent Card."></property>
      </properties>
      <skipped message="deferred to M4 per must-map: M4 — LangGraph adapter package introduction (L-52). §18.5 and §14.6 added as v1.0.16 editorial addenda; validator gains --adapter flag per §18.5.5; impl ships packages/langgraph-adapter emitting the declared Agent Card."></skipped>
      <system-out>vector=skip (M4-deferred: M4 — LangGraph adapter package introduction (L-52). §18.5 and §14.6 added as v1.0.16 editorial addenda; validator gains --adapter flag per §18.5.5; impl ships packages/langgraph-adapter emitting the declared Agent Card.)</system-out>
    </testcase>
    <testcase classname="SV.ADAPTER" name="SV-ADAPTER-02" time="0.000000">
      <properties>
        <property name="evidence.vector" value="skip"></property>
        <property name="evidence.vector.message" value="M4-deferred: M4 — LangGraph adapter package introduction (L-52). Exercises the hardest adapter correctness invariant; proves host-framework tool dispatch is wrapped pre-execution, not post-hoc."></property>
      </properties>
      <skipped message="deferred to M4 per must-map: M4 — LangGraph adapter package introduction (L-52). Exercises the hardest adapter correctness invariant; proves host-framework tool dispatch is wrapped pre-execution, not post-hoc."></skipped>
      <system-out>vector=skip (M4-deferred: M4 — LangGraph adapter package introduction (L-52). Exercises the hardest adapter correctness invariant; proves host-framework tool dispatch is wrapped pre-execution, not post-hoc.)</system-out>
    </testcase>
    <testcase classname="SV.ADAPTER" name="SV-ADAPTER-03" time="0.000000">
      <properties>
        <property name="evidence.vector" value="skip"></property>
        <property name="evidence.vector.message" value="M4-deferred: M4 — LangGraph adapter package introduction (L-52). Tests the 40→27 event-translation correctness that motivates §14.6; evaluator finding #2 (pre-drafted inventory) lands here."></property>
      </properties>
      <skipped message="deferred to M4 per must-map: M4 — LangGraph adapter package introduction (L-52). Tests the 40→27 event-translation correctness that motivates §14.6; evaluator finding #2 (pre-drafted inventory) lands here."></skipped>
      <system-out>vector=skip (M4-deferred: M4 — LangGraph adapter package introduction (L-52). Tests the 40→27 event-translation correctness that motivates §14.6; evaluator finding #2 (pre-drafted inventory) lands here.)</system-out>
    </testcase>
    <testcase classname="SV.ADAPTER" name="SV-ADAPTER-04" time="0.000000">
      <properties>
        <property name="evidence.vector" value="skip"></property>
        <property name="evidence.vector.message" value="M4-deferred: M4 — LangGraph adapter package introduction (L-52). Ensures adapter&#39;s tool invocations flow through the Runner audit chain rather than a host-framework side-channel."></property>
      </properties>
      <skipped message="deferred to M4 per must-map: M4 — LangGraph adapter package introduction (L-52). Ensures adapter&#39;s tool invocations flow through the Runner audit chain rather than a host-framework side-channel."></skipped>
      <system-out>vector=skip (M4-deferred: M4 — LangGraph adapter package introduction (L-52). Ensures adapter&#39;s tool invocations flow through the Runner audit chain rather than a host-framework side-channel.)</system-out>
    </testcase>
  </testsuite>
</testsuites>